2026/01/24 20:42:18 [emerg] 1#1: host not found in upstream "algorithm-manager:8081" in /etc/nginx/conf.d/default.conf:11
2026/01/24 20:42:21 [emerg] 1#1: host not found in upstream "algorithm-manager:8081" in /etc/nginx/conf.d/default.conf:11
2026/01/24 20:42:24 [emerg] 1#1: host not found in upstream "algorithm-manager:8081" in /etc/nginx/conf.d/default.conf:11
2026/01/24 20:42:27 [emerg] 1#1: host not found in upstream "algorithm-manager:8081" in /etc/nginx/conf.d/default.conf:11
2026/01/24 20:42:30 [emerg] 1#1: host not found in upstream "algorithm-manager:8081" in /etc/nginx/conf.d/default.conf:11
2026/01/24 20:42:34 [emerg] 1#1: host not found in upstream "algorithm-manager:8081" in /etc/nginx/conf.d/default.conf:11
2026/01/24 20:42:39 [emerg] 1#1: host not found in upstream "algorithm-manager:8081" in /etc/nginx/conf.d/default.conf:11
2026/01/24 20:42:47 [emerg] 1#1: host not found in upstream "algorithm-manager:8081" in /etc/nginx/conf.d/default.conf:11
2026/01/24 20:43:02 [emerg] 1#1: host not found in upstream "algorithm-manager:8081" in /etc/nginx/conf.d/default.conf:11
2026/01/24 20:43:30 [notice] 1#1: using the "epoll" event method
2026/01/24 20:43:30 [notice] 1#1: nginx/1.29.4
2026/01/24 20:43:30 [notice] 1#1: built by gcc 15.2.0 (Alpine 15.2.0) 
2026/01/24 20:43:30 [notice] 1#1: OS: Linux 6.6.87.2-microsoft-standard-WSL2
2026/01/24 20:43:30 [notice] 1#1: getrlimit(RLIMIT_NOFILE): 1048576:1048576
2026/01/24 20:43:30 [notice] 1#1: start worker processes
2026/01/24 20:43:30 [notice] 1#1: start worker process 21
2026/01/24 20:43:30 [notice] 1#1: start worker process 22
2026/01/24 20:43:30 [notice] 1#1: start worker process 23
2026/01/24 20:43:30 [notice] 1#1: start worker process 24
2026/01/24 20:43:30 [notice] 1#1: start worker process 25
2026/01/24 20:43:30 [notice] 1#1: start worker process 26
2026/01/24 20:43:30 [notice] 1#1: start worker process 27
2026/01/24 20:43:30 [notice] 1#1: start worker process 28
2026/01/24 20:43:30 [notice] 1#1: start worker process 29
2026/01/24 20:43:30 [notice] 1#1: start worker process 30
2026/01/24 20:43:30 [notice] 1#1: start worker process 31
2026/01/24 20:43:30 [notice] 1#1: start worker process 32
2026/01/24 20:59:09 [notice] 1#1: signal 3 (SIGQUIT) received, shutting down
2026/01/24 20:59:09 [notice] 21#21: gracefully shutting down
2026/01/24 20:59:09 [notice] 22#22: gracefully shutting down
2026/01/24 20:59:09 [notice] 23#23: gracefully shutting down
2026/01/24 20:59:09 [notice] 24#24: gracefully shutting down
2026/01/24 20:59:09 [notice] 25#25: gracefully shutting down
2026/01/24 20:59:09 [notice] 26#26: gracefully shutting down
2026/01/24 20:59:09 [notice] 27#27: gracefully shutting down
2026/01/24 20:59:09 [notice] 28#28: gracefully shutting down
2026/01/24 20:59:09 [notice] 29#29: gracefully shutting down
2026/01/24 20:59:09 [notice] 30#30: gracefully shutting down
2026/01/24 20:59:09 [notice] 30#30: exiting
2026/01/24 20:59:09 [notice] 31#31: gracefully shutting down
2026/01/24 20:59:09 [notice] 32#32: gracefully shutting down
2026/01/24 20:59:09 [notice] 21#21: exiting
2026/01/24 20:59:09 [notice] 22#22: exiting
2026/01/24 20:59:09 [notice] 23#23: exiting
2026/01/24 20:59:09 [notice] 22#22: exit
2026/01/24 20:59:09 [notice] 24#24: exiting
2026/01/24 20:59:09 [notice] 25#25: exiting
2026/01/24 20:59:09 [notice] 24#24: exit
2026/01/24 20:59:09 [notice] 26#26: exiting
2026/01/24 20:59:09 [notice] 27#27: exiting
2026/01/24 20:59:09 [notice] 26#26: exit
2026/01/24 20:59:09 [notice] 28#28: exiting
2026/01/24 20:59:09 [notice] 29#29: exiting
2026/01/24 20:59:09 [notice] 31#31: exiting
2026/01/24 20:59:09 [notice] 30#30: exit
2026/01/24 20:59:09 [notice] 32#32: exiting
2026/01/24 20:59:09 [notice] 21#21: exit
2026/01/24 20:59:09 [notice] 23#23: exit
2026/01/24 20:59:09 [notice] 25#25: exit
2026/01/24 20:59:09 [notice] 27#27: exit
2026/01/24 20:59:09 [notice] 28#28: exit
2026/01/24 20:59:09 [notice] 29#29: exit
2026/01/24 20:59:09 [notice] 31#31: exit
2026/01/24 20:59:09 [notice] 32#32: exit
2026/01/24 20:59:10 [notice] 1#1: signal 17 (SIGCHLD) received from 26
2026/01/24 20:59:10 [notice] 1#1: worker process 26 exited with code 0
2026/01/24 20:59:10 [notice] 1#1: signal 29 (SIGIO) received
2026/01/24 20:59:10 [notice] 1#1: signal 17 (SIGCHLD) received from 23
2026/01/24 20:59:10 [notice] 1#1: worker process 23 exited with code 0
2026/01/24 20:59:10 [notice] 1#1: worker process 30 exited with code 0
2026/01/24 20:59:10 [notice] 1#1: signal 29 (SIGIO) received
2026/01/24 20:59:10 [notice] 1#1: signal 17 (SIGCHLD) received from 22
2026/01/24 20:59:10 [notice] 1#1: worker process 22 exited with code 0
2026/01/24 20:59:10 [notice] 1#1: worker process 24 exited with code 0
2026/01/24 20:59:10 [notice] 1#1: signal 29 (SIGIO) received
2026/01/24 20:59:10 [notice] 1#1: signal 17 (SIGCHLD) received from 24
2026/01/24 20:59:10 [notice] 1#1: signal 17 (SIGCHLD) received from 25
2026/01/24 20:59:10 [notice] 1#1: worker process 21 exited with code 0
2026/01/24 20:59:10 [notice] 1#1: worker process 25 exited with code 0
2026/01/24 20:59:10 [notice] 1#1: worker process 29 exited with code 0
2026/01/24 20:59:10 [notice] 1#1: worker process 31 exited with code 0
2026/01/24 20:59:10 [notice] 1#1: worker process 32 exited with code 0
2026/01/24 20:59:10 [notice] 1#1: signal 29 (SIGIO) received
2026/01/24 20:59:10 [notice] 1#1: signal 17 (SIGCHLD) received from 27
2026/01/24 20:59:10 [notice] 1#1: worker process 27 exited with code 0
2026/01/24 20:59:10 [notice] 1#1: signal 29 (SIGIO) received
2026/01/24 20:59:10 [notice] 1#1: signal 17 (SIGCHLD) received from 28
2026/01/24 20:59:10 [notice] 1#1: worker process 28 exited with code 0
2026/01/24 20:59:10 [notice] 1#1: exit
2026/01/24 20:59:11 [notice] 1#1: using the "epoll" event method
2026/01/24 20:59:11 [notice] 1#1: nginx/1.29.4
2026/01/24 20:59:11 [notice] 1#1: built by gcc 15.2.0 (Alpine 15.2.0) 
2026/01/24 20:59:11 [notice] 1#1: OS: Linux 6.6.87.2-microsoft-standard-WSL2
2026/01/24 20:59:11 [notice] 1#1: getrlimit(RLIMIT_NOFILE): 1048576:1048576
2026/01/24 20:59:11 [notice] 1#1: start worker processes
2026/01/24 20:59:11 [notice] 1#1: start worker process 21
2026/01/24 20:59:11 [notice] 1#1: start worker process 22
2026/01/24 20:59:11 [notice] 1#1: start worker process 23
2026/01/24 20:59:11 [notice] 1#1: start worker process 24
2026/01/24 20:59:11 [notice] 1#1: start worker process 25
2026/01/24 20:59:11 [notice] 1#1: start worker process 26
2026/01/24 20:59:11 [notice] 1#1: start worker process 27
2026/01/24 20:59:11 [notice] 1#1: start worker process 28
2026/01/24 20:59:11 [notice] 1#1: start worker process 29
2026/01/24 20:59:11 [notice] 1#1: start worker process 30
2026/01/24 20:59:11 [notice] 1#1: start worker process 31
2026/01/24 20:59:11 [notice] 1#1: start worker process 32
2026/01/25 14:03:31 [notice] 1#1: signal 3 (SIGQUIT) received, shutting down
2026/01/25 14:03:31 [notice] 23#23: gracefully shutting down
2026/01/25 14:03:31 [notice] 27#27: gracefully shutting down
2026/01/25 14:03:31 [notice] 29#29: gracefully shutting down
2026/01/25 14:03:31 [notice] 24#24: gracefully shutting down
2026/01/25 14:03:31 [notice] 28#28: gracefully shutting down
2026/01/25 14:03:31 [notice] 30#30: gracefully shutting down
2026/01/25 14:03:31 [notice] 31#31: gracefully shutting down
2026/01/25 14:03:31 [notice] 25#25: gracefully shutting down
2026/01/25 14:03:31 [notice] 23#23: exiting
2026/01/25 14:03:31 [notice] 27#27: exiting
2026/01/25 14:03:31 [notice] 29#29: exiting
2026/01/25 14:03:31 [notice] 21#21: gracefully shutting down
2026/01/25 14:03:31 [notice] 32#32: gracefully shutting down
2026/01/25 14:03:31 [notice] 22#22: gracefully shutting down
2026/01/25 14:03:31 [notice] 26#26: gracefully shutting down
2026/01/25 14:03:31 [notice] 28#28: exiting
2026/01/25 14:03:31 [notice] 24#24: exiting
2026/01/25 14:03:31 [notice] 30#30: exiting
2026/01/25 14:03:31 [notice] 25#25: exiting
2026/01/25 14:03:31 [notice] 31#31: exiting
2026/01/25 14:03:31 [notice] 24#24: exit
2026/01/25 14:03:31 [notice] 21#21: exiting
2026/01/25 14:03:31 [notice] 29#29: exit
2026/01/25 14:03:31 [notice] 27#27: exit
2026/01/25 14:03:31 [notice] 23#23: exit
2026/01/25 14:03:31 [notice] 32#32: exiting
2026/01/25 14:03:31 [notice] 26#26: exiting
2026/01/25 14:03:31 [notice] 28#28: exit
2026/01/25 14:03:31 [notice] 22#22: exiting
2026/01/25 14:03:31 [notice] 22#22: exit
2026/01/25 14:03:31 [notice] 30#30: exit
2026/01/25 14:03:31 [notice] 25#25: exit
2026/01/25 14:03:31 [notice] 31#31: exit
2026/01/25 14:03:31 [notice] 21#21: exit
2026/01/25 14:03:31 [notice] 32#32: exit
2026/01/25 14:03:31 [notice] 26#26: exit
2026/01/25 14:03:31 [notice] 1#1: signal 17 (SIGCHLD) received from 28
2026/01/25 14:03:31 [notice] 1#1: worker process 28 exited with code 0
2026/01/25 14:03:31 [notice] 1#1: worker process 29 exited with code 0
2026/01/25 14:03:31 [notice] 1#1: signal 29 (SIGIO) received
2026/01/25 14:03:31 [notice] 1#1: signal 17 (SIGCHLD) received from 29
2026/01/25 14:03:31 [notice] 1#1: signal 17 (SIGCHLD) received from 31
2026/01/25 14:03:31 [notice] 1#1: worker process 23 exited with code 0
2026/01/25 14:03:31 [notice] 1#1: worker process 27 exited with code 0
2026/01/25 14:03:31 [notice] 1#1: worker process 31 exited with code 0
2026/01/25 14:03:31 [notice] 1#1: signal 29 (SIGIO) received
2026/01/25 14:03:31 [notice] 1#1: signal 17 (SIGCHLD) received from 23
2026/01/25 14:03:31 [notice] 1#1: signal 17 (SIGCHLD) received from 24
2026/01/25 14:03:31 [notice] 1#1: worker process 24 exited with code 0
2026/01/25 14:03:31 [notice] 1#1: signal 29 (SIGIO) received
2026/01/25 14:03:31 [notice] 1#1: signal 17 (SIGCHLD) received from 30
2026/01/25 14:03:31 [notice] 1#1: worker process 30 exited with code 0
2026/01/25 14:03:31 [notice] 1#1: worker process 32 exited with code 0
2026/01/25 14:03:31 [notice] 1#1: signal 29 (SIGIO) received
2026/01/25 14:03:31 [notice] 1#1: signal 17 (SIGCHLD) received from 32
2026/01/25 14:03:31 [notice] 1#1: signal 17 (SIGCHLD) received from 25
2026/01/25 14:03:31 [notice] 1#1: worker process 22 exited with code 0
2026/01/25 14:03:31 [notice] 1#1: worker process 25 exited with code 0
2026/01/25 14:03:31 [notice] 1#1: signal 29 (SIGIO) received
2026/01/25 14:03:31 [notice] 1#1: signal 17 (SIGCHLD) received from 21
2026/01/25 14:03:31 [notice] 1#1: worker process 21 exited with code 0
2026/01/25 14:03:31 [notice] 1#1: worker process 26 exited with code 0
2026/01/25 14:03:31 [notice] 1#1: exit
2026/01/25 14:03:49 [notice] 1#1: using the "epoll" event method
2026/01/25 14:03:49 [notice] 1#1: nginx/1.29.4
2026/01/25 14:03:49 [notice] 1#1: built by gcc 15.2.0 (Alpine 15.2.0) 
2026/01/25 14:03:49 [notice] 1#1: OS: Linux 6.6.87.2-microsoft-standard-WSL2
2026/01/25 14:03:49 [notice] 1#1: getrlimit(RLIMIT_NOFILE): 1048576:1048576
2026/01/25 14:03:49 [notice] 1#1: start worker processes
2026/01/25 14:03:49 [notice] 1#1: start worker process 21
2026/01/25 14:03:49 [notice] 1#1: start worker process 22
2026/01/25 14:03:49 [notice] 1#1: start worker process 23
2026/01/25 14:03:49 [notice] 1#1: start worker process 24
2026/01/25 14:03:49 [notice] 1#1: start worker process 25
2026/01/25 14:03:49 [notice] 1#1: start worker process 26
2026/01/25 14:03:49 [notice] 1#1: start worker process 27
2026/01/25 14:03:49 [notice] 1#1: start worker process 28
2026/01/25 14:03:49 [notice] 1#1: start worker process 29
2026/01/25 14:03:49 [notice] 1#1: start worker process 30
2026/01/25 14:03:49 [notice] 1#1: start worker process 31
2026/01/25 14:03:49 [notice] 1#1: start worker process 32
2026/01/25 15:20:08 [notice] 1#1: signal 3 (SIGQUIT) received, shutting down
2026/01/25 15:20:08 [notice] 31#31: gracefully shutting down
2026/01/25 15:20:08 [notice] 24#24: gracefully shutting down
2026/01/25 15:20:08 [notice] 26#26: gracefully shutting down
2026/01/25 15:20:08 [notice] 28#28: gracefully shutting down
2026/01/25 15:20:08 [notice] 21#21: gracefully shutting down
2026/01/25 15:20:08 [notice] 25#25: gracefully shutting down
2026/01/25 15:20:08 [notice] 32#32: gracefully shutting down
2026/01/25 15:20:08 [notice] 23#23: gracefully shutting down
2026/01/25 15:20:08 [notice] 29#29: gracefully shutting down
2026/01/25 15:20:08 [notice] 27#27: gracefully shutting down
2026/01/25 15:20:08 [notice] 22#22: gracefully shutting down
2026/01/25 15:20:08 [notice] 26#26: exiting
2026/01/25 15:20:08 [notice] 28#28: exiting
2026/01/25 15:20:08 [notice] 21#21: exiting
2026/01/25 15:20:08 [notice] 29#29: exiting
2026/01/25 15:20:08 [notice] 30#30: gracefully shutting down
2026/01/25 15:20:08 [notice] 25#25: exiting
2026/01/25 15:20:08 [notice] 24#24: exiting
2026/01/25 15:20:08 [notice] 31#31: exiting
2026/01/25 15:20:08 [notice] 32#32: exiting
2026/01/25 15:20:08 [notice] 27#27: exiting
2026/01/25 15:20:08 [notice] 23#23: exiting
2026/01/25 15:20:08 [notice] 26#26: exit
2026/01/25 15:20:08 [notice] 22#22: exiting
2026/01/25 15:20:08 [notice] 30#30: exiting
2026/01/25 15:20:08 [notice] 28#28: exit
2026/01/25 15:20:08 [notice] 25#25: exit
2026/01/25 15:20:08 [notice] 29#29: exit
2026/01/25 15:20:08 [notice] 32#32: exit
2026/01/25 15:20:08 [notice] 24#24: exit
2026/01/25 15:20:08 [notice] 27#27: exit
2026/01/25 15:20:08 [notice] 22#22: exit
2026/01/25 15:20:08 [notice] 31#31: exit
2026/01/25 15:20:08 [notice] 21#21: exit
2026/01/25 15:20:08 [notice] 30#30: exit
2026/01/25 15:20:08 [notice] 23#23: exit
2026/01/25 15:20:08 [notice] 1#1: signal 17 (SIGCHLD) received from 31
2026/01/25 15:20:08 [notice] 1#1: worker process 31 exited with code 0
2026/01/25 15:20:08 [notice] 1#1: signal 29 (SIGIO) received
2026/01/25 15:20:08 [notice] 1#1: signal 17 (SIGCHLD) received from 22
2026/01/25 15:20:08 [notice] 1#1: worker process 21 exited with code 0
2026/01/25 15:20:08 [notice] 1#1: worker process 22 exited with code 0
2026/01/25 15:20:08 [notice] 1#1: worker process 29 exited with code 0
2026/01/25 15:20:08 [notice] 1#1: signal 29 (SIGIO) received
2026/01/25 15:20:08 [notice] 1#1: signal 17 (SIGCHLD) received from 29
2026/01/25 15:20:08 [notice] 1#1: worker process 25 exited with code 0
2026/01/25 15:20:08 [notice] 1#1: worker process 26 exited with code 0
2026/01/25 15:20:08 [notice] 1#1: worker process 30 exited with code 0
2026/01/25 15:20:08 [notice] 1#1: worker process 32 exited with code 0
2026/01/25 15:20:08 [notice] 1#1: signal 29 (SIGIO) received
2026/01/25 15:20:08 [notice] 1#1: signal 17 (SIGCHLD) received from 30
2026/01/25 15:20:08 [notice] 1#1: signal 17 (SIGCHLD) received from 27
2026/01/25 15:20:08 [notice] 1#1: worker process 24 exited with code 0
2026/01/25 15:20:08 [notice] 1#1: worker process 27 exited with code 0
2026/01/25 15:20:08 [notice] 1#1: signal 29 (SIGIO) received
2026/01/25 15:20:08 [notice] 1#1: signal 17 (SIGCHLD) received from 24
2026/01/25 15:20:08 [notice] 1#1: signal 17 (SIGCHLD) received from 28
2026/01/25 15:20:08 [notice] 1#1: worker process 28 exited with code 0
2026/01/25 15:20:08 [notice] 1#1: worker process 23 exited with code 0
2026/01/25 15:20:08 [notice] 1#1: exit
2026/01/25 15:28:12 [notice] 1#1: using the "epoll" event method
2026/01/25 15:28:12 [notice] 1#1: nginx/1.29.4
2026/01/25 15:28:12 [notice] 1#1: built by gcc 15.2.0 (Alpine 15.2.0) 
2026/01/25 15:28:12 [notice] 1#1: OS: Linux 6.6.87.2-microsoft-standard-WSL2
2026/01/25 15:28:12 [notice] 1#1: getrlimit(RLIMIT_NOFILE): 1048576:1048576
2026/01/25 15:28:12 [notice] 1#1: start worker processes
2026/01/25 15:28:12 [notice] 1#1: start worker process 21
2026/01/25 15:28:12 [notice] 1#1: start worker process 22
2026/01/25 15:28:12 [notice] 1#1: start worker process 23
2026/01/25 15:28:12 [notice] 1#1: start worker process 24
2026/01/25 15:28:12 [notice] 1#1: start worker process 25
2026/01/25 15:28:12 [notice] 1#1: start worker process 26
2026/01/25 15:28:12 [notice] 1#1: start worker process 27
2026/01/25 15:28:12 [notice] 1#1: start worker process 28
2026/01/25 15:28:12 [notice] 1#1: start worker process 29
2026/01/25 15:28:12 [notice] 1#1: start worker process 30
2026/01/25 15:28:12 [notice] 1#1: start worker process 31
2026/01/25 15:28:12 [notice] 1#1: start worker process 32
2026/01/25 18:06:43 [notice] 1#1: signal 3 (SIGQUIT) received, shutting down
2026/01/25 18:06:43 [notice] 21#21: gracefully shutting down
2026/01/25 18:06:43 [notice] 31#31: gracefully shutting down
2026/01/25 18:06:43 [notice] 23#23: gracefully shutting down
2026/01/25 18:06:43 [notice] 27#27: gracefully shutting down
2026/01/25 18:06:43 [notice] 24#24: gracefully shutting down
2026/01/25 18:06:43 [notice] 25#25: gracefully shutting down
2026/01/25 18:06:43 [notice] 22#22: gracefully shutting down
2026/01/25 18:06:43 [notice] 26#26: gracefully shutting down
2026/01/25 18:06:43 [notice] 32#32: gracefully shutting down
2026/01/25 18:06:43 [notice] 29#29: gracefully shutting down
2026/01/25 18:06:43 [notice] 28#28: gracefully shutting down
2026/01/25 18:06:43 [notice] 30#30: gracefully shutting down
2026/01/25 18:06:43 [notice] 25#25: exiting
2026/01/25 18:06:43 [notice] 21#21: exiting
2026/01/25 18:06:43 [notice] 26#26: exiting
2026/01/25 18:06:43 [notice] 31#31: exiting
2026/01/25 18:06:43 [notice] 27#27: exiting
2026/01/25 18:06:43 [notice] 23#23: exiting
2026/01/25 18:06:43 [notice] 24#24: exiting
2026/01/25 18:06:43 [notice] 22#22: exiting
2026/01/25 18:06:43 [notice] 24#24: exit
2026/01/25 18:06:43 [notice] 32#32: exiting
2026/01/25 18:06:43 [notice] 28#28: exiting
2026/01/25 18:06:43 [notice] 30#30: exiting
2026/01/25 18:06:43 [notice] 32#32: exit
2026/01/25 18:06:43 [notice] 29#29: exiting
2026/01/25 18:06:43 [notice] 23#23: exit
2026/01/25 18:06:43 [notice] 26#26: exit
2026/01/25 18:06:43 [notice] 25#25: exit
2026/01/25 18:06:43 [notice] 27#27: exit
2026/01/25 18:06:43 [notice] 31#31: exit
2026/01/25 18:06:43 [notice] 21#21: exit
2026/01/25 18:06:43 [notice] 22#22: exit
2026/01/25 18:06:43 [notice] 28#28: exit
2026/01/25 18:06:43 [notice] 30#30: exit
2026/01/25 18:06:43 [notice] 29#29: exit
2026/01/25 18:06:43 [notice] 1#1: signal 17 (SIGCHLD) received from 22
2026/01/25 18:06:43 [notice] 1#1: worker process 22 exited with code 0
2026/01/25 18:06:43 [notice] 1#1: worker process 27 exited with code 0
2026/01/25 18:06:43 [notice] 1#1: signal 29 (SIGIO) received
2026/01/25 18:06:43 [notice] 1#1: signal 17 (SIGCHLD) received from 32
2026/01/25 18:06:43 [notice] 1#1: worker process 25 exited with code 0
2026/01/25 18:06:43 [notice] 1#1: worker process 30 exited with code 0
2026/01/25 18:06:43 [notice] 1#1: worker process 32 exited with code 0
2026/01/25 18:06:43 [notice] 1#1: signal 29 (SIGIO) received
2026/01/25 18:06:43 [notice] 1#1: signal 17 (SIGCHLD) received from 25
2026/01/25 18:06:43 [notice] 1#1: signal 17 (SIGCHLD) received from 21
2026/01/25 18:06:43 [notice] 1#1: worker process 21 exited with code 0
2026/01/25 18:06:43 [notice] 1#1: signal 29 (SIGIO) received
2026/01/25 18:06:43 [notice] 1#1: signal 17 (SIGCHLD) received from 26
2026/01/25 18:06:43 [notice] 1#1: worker process 23 exited with code 0
2026/01/25 18:06:43 [notice] 1#1: worker process 24 exited with code 0
2026/01/25 18:06:43 [notice] 1#1: worker process 26 exited with code 0
2026/01/25 18:06:43 [notice] 1#1: worker process 28 exited with code 0
2026/01/25 18:06:43 [notice] 1#1: worker process 31 exited with code 0
2026/01/25 18:06:43 [notice] 1#1: signal 29 (SIGIO) received
2026/01/25 18:06:43 [notice] 1#1: signal 17 (SIGCHLD) received from 24
2026/01/25 18:06:43 [notice] 1#1: signal 17 (SIGCHLD) received from 29
2026/01/25 18:06:43 [notice] 1#1: worker process 29 exited with code 0
2026/01/25 18:06:43 [notice] 1#1: exit
2026/01/25 18:06:46 [notice] 1#1: using the "epoll" event method
2026/01/25 18:06:46 [notice] 1#1: nginx/1.29.4
2026/01/25 18:06:46 [notice] 1#1: built by gcc 15.2.0 (Alpine 15.2.0) 
2026/01/25 18:06:46 [notice] 1#1: OS: Linux 6.6.87.2-microsoft-standard-WSL2
2026/01/25 18:06:46 [notice] 1#1: getrlimit(RLIMIT_NOFILE): 1048576:1048576
2026/01/25 18:06:46 [notice] 1#1: start worker processes
2026/01/25 18:06:46 [notice] 1#1: start worker process 21
2026/01/25 18:06:46 [notice] 1#1: start worker process 22
2026/01/25 18:06:46 [notice] 1#1: start worker process 23
2026/01/25 18:06:46 [notice] 1#1: start worker process 24
2026/01/25 18:06:46 [notice] 1#1: start worker process 25
2026/01/25 18:06:46 [notice] 1#1: start worker process 26
2026/01/25 18:06:46 [notice] 1#1: start worker process 27
2026/01/25 18:06:46 [notice] 1#1: start worker process 28
2026/01/25 18:06:46 [notice] 1#1: start worker process 29
2026/01/25 18:06:46 [notice] 1#1: start worker process 30
2026/01/25 18:06:46 [notice] 1#1: start worker process 31
2026/01/25 18:06:46 [notice] 1#1: start worker process 32
2026/01/25 18:08:47 [notice] 1#1: signal 3 (SIGQUIT) received, shutting down
2026/01/25 18:08:47 [notice] 21#21: gracefully shutting down
2026/01/25 18:08:47 [notice] 22#22: gracefully shutting down
2026/01/25 18:08:47 [notice] 23#23: gracefully shutting down
2026/01/25 18:08:47 [notice] 25#25: gracefully shutting down
2026/01/25 18:08:47 [notice] 24#24: gracefully shutting down
2026/01/25 18:08:47 [notice] 28#28: gracefully shutting down
2026/01/25 18:08:47 [notice] 30#30: gracefully shutting down
2026/01/25 18:08:47 [notice] 27#27: gracefully shutting down
2026/01/25 18:08:47 [notice] 31#31: gracefully shutting down
2026/01/25 18:08:47 [notice] 32#32: gracefully shutting down
2026/01/25 18:08:47 [notice] 29#29: gracefully shutting down
2026/01/25 18:08:47 [notice] 26#26: gracefully shutting down
2026/01/25 18:08:47 [notice] 21#21: exiting
2026/01/25 18:08:47 [notice] 22#22: exiting
2026/01/25 18:08:47 [notice] 23#23: exiting
2026/01/25 18:08:47 [notice] 25#25: exiting
2026/01/25 18:08:47 [notice] 24#24: exiting
2026/01/25 18:08:47 [notice] 28#28: exiting
2026/01/25 18:08:47 [notice] 30#30: exiting
2026/01/25 18:08:47 [notice] 27#27: exiting
2026/01/25 18:08:47 [notice] 31#31: exiting
2026/01/25 18:08:47 [notice] 32#32: exiting
2026/01/25 18:08:47 [notice] 31#31: exit
2026/01/25 18:08:47 [notice] 29#29: exiting
2026/01/25 18:08:47 [notice] 26#26: exiting
2026/01/25 18:08:47 [notice] 29#29: exit
2026/01/25 18:08:47 [notice] 21#21: exit
2026/01/25 18:08:47 [notice] 22#22: exit
2026/01/25 18:08:47 [notice] 23#23: exit
2026/01/25 18:08:47 [notice] 25#25: exit
2026/01/25 18:08:47 [notice] 24#24: exit
2026/01/25 18:08:47 [notice] 28#28: exit
2026/01/25 18:08:47 [notice] 30#30: exit
2026/01/25 18:08:47 [notice] 27#27: exit
2026/01/25 18:08:47 [notice] 32#32: exit
2026/01/25 18:08:47 [notice] 26#26: exit
2026/01/25 18:08:47 [notice] 1#1: signal 17 (SIGCHLD) received from 24
2026/01/25 18:08:47 [notice] 1#1: worker process 22 exited with code 0
2026/01/25 18:08:47 [notice] 1#1: worker process 24 exited with code 0
2026/01/25 18:08:47 [notice] 1#1: signal 29 (SIGIO) received
2026/01/25 18:08:47 [notice] 1#1: signal 17 (SIGCHLD) received from 21
2026/01/25 18:08:47 [notice] 1#1: worker process 21 exited with code 0
2026/01/25 18:08:47 [notice] 1#1: signal 29 (SIGIO) received
2026/01/25 18:08:47 [notice] 1#1: signal 17 (SIGCHLD) received from 30
2026/01/25 18:08:47 [notice] 1#1: worker process 23 exited with code 0
2026/01/25 18:08:47 [notice] 1#1: worker process 25 exited with code 0
2026/01/25 18:08:47 [notice] 1#1: worker process 26 exited with code 0
2026/01/25 18:08:47 [notice] 1#1: worker process 28 exited with code 0
2026/01/25 18:08:47 [notice] 1#1: worker process 29 exited with code 0
2026/01/25 18:08:47 [notice] 1#1: worker process 30 exited with code 0
2026/01/25 18:08:47 [notice] 1#1: worker process 31 exited with code 0
2026/01/25 18:08:47 [notice] 1#1: worker process 32 exited with code 0
2026/01/25 18:08:47 [notice] 1#1: signal 29 (SIGIO) received
2026/01/25 18:08:47 [notice] 1#1: signal 17 (SIGCHLD) received from 31
2026/01/25 18:08:47 [notice] 1#1: worker process 27 exited with code 0
2026/01/25 18:08:47 [notice] 1#1: exit
2026/01/25 18:08:49 [notice] 1#1: using the "epoll" event method
2026/01/25 18:08:49 [notice] 1#1: nginx/1.29.4
2026/01/25 18:08:49 [notice] 1#1: built by gcc 15.2.0 (Alpine 15.2.0) 
2026/01/25 18:08:49 [notice] 1#1: OS: Linux 6.6.87.2-microsoft-standard-WSL2
2026/01/25 18:08:49 [notice] 1#1: getrlimit(RLIMIT_NOFILE): 1048576:1048576
2026/01/25 18:08:49 [notice] 1#1: start worker processes
2026/01/25 18:08:49 [notice] 1#1: start worker process 21
2026/01/25 18:08:49 [notice] 1#1: start worker process 22
2026/01/25 18:08:49 [notice] 1#1: start worker process 23
2026/01/25 18:08:49 [notice] 1#1: start worker process 24
2026/01/25 18:08:49 [notice] 1#1: start worker process 25
2026/01/25 18:08:49 [notice] 1#1: start worker process 26
2026/01/25 18:08:49 [notice] 1#1: start worker process 27
2026/01/25 18:08:49 [notice] 1#1: start worker process 28
2026/01/25 18:08:49 [notice] 1#1: start worker process 29
2026/01/25 18:08:49 [notice] 1#1: start worker process 30
2026/01/25 18:08:49 [notice] 1#1: start worker process 31
2026/01/25 18:08:49 [notice] 1#1: start worker process 32
2026/01/26 16:39:21 [notice] 1#1: signal 3 (SIGQUIT) received, shutting down
2026/01/26 16:39:21 [notice] 21#21: gracefully shutting down
2026/01/26 16:39:21 [notice] 23#23: gracefully shutting down
2026/01/26 16:39:21 [notice] 24#24: gracefully shutting down
2026/01/26 16:39:21 [notice] 32#32: gracefully shutting down
2026/01/26 16:39:21 [notice] 22#22: gracefully shutting down
2026/01/26 16:39:21 [notice] 26#26: gracefully shutting down
2026/01/26 16:39:21 [notice] 25#25: gracefully shutting down
2026/01/26 16:39:21 [notice] 27#27: gracefully shutting down
2026/01/26 16:39:21 [notice] 29#29: gracefully shutting down
2026/01/26 16:39:21 [notice] 31#31: gracefully shutting down
2026/01/26 16:39:21 [notice] 28#28: gracefully shutting down
2026/01/26 16:39:21 [notice] 30#30: gracefully shutting down
2026/01/26 16:39:21 [notice] 21#21: exiting
2026/01/26 16:39:21 [notice] 24#24: exiting
2026/01/26 16:39:21 [notice] 23#23: exiting
2026/01/26 16:39:21 [notice] 31#31: exiting
2026/01/26 16:39:21 [notice] 32#32: exiting
2026/01/26 16:39:21 [notice] 22#22: exiting
2026/01/26 16:39:21 [notice] 27#27: exiting
2026/01/26 16:39:21 [notice] 26#26: exiting
2026/01/26 16:39:21 [notice] 25#25: exiting
2026/01/26 16:39:21 [notice] 29#29: exiting
2026/01/26 16:39:21 [notice] 28#28: exiting
2026/01/26 16:39:21 [notice] 30#30: exiting
2026/01/26 16:39:21 [notice] 26#26: exit
2026/01/26 16:39:21 [notice] 29#29: exit
2026/01/26 16:39:21 [notice] 25#25: exit
2026/01/26 16:39:21 [notice] 28#28: exit
2026/01/26 16:39:21 [notice] 30#30: exit
2026/01/26 16:39:21 [notice] 31#31: exit
2026/01/26 16:39:21 [notice] 22#22: exit
2026/01/26 16:39:21 [notice] 24#24: exit
2026/01/26 16:39:21 [notice] 27#27: exit
2026/01/26 16:39:21 [notice] 23#23: exit
2026/01/26 16:39:21 [notice] 32#32: exit
2026/01/26 16:39:21 [notice] 21#21: exit
2026/01/26 16:39:21 [notice] 1#1: signal 17 (SIGCHLD) received from 26
2026/01/26 16:39:21 [notice] 1#1: worker process 22 exited with code 0
2026/01/26 16:39:21 [notice] 1#1: worker process 26 exited with code 0
2026/01/26 16:39:21 [notice] 1#1: signal 29 (SIGIO) received
2026/01/26 16:39:21 [notice] 1#1: signal 17 (SIGCHLD) received from 23
2026/01/26 16:39:21 [notice] 1#1: worker process 21 exited with code 0
2026/01/26 16:39:21 [notice] 1#1: worker process 23 exited with code 0
2026/01/26 16:39:21 [notice] 1#1: worker process 25 exited with code 0
2026/01/26 16:39:21 [notice] 1#1: worker process 28 exited with code 0
2026/01/26 16:39:21 [notice] 1#1: worker process 29 exited with code 0
2026/01/26 16:39:21 [notice] 1#1: worker process 31 exited with code 0
2026/01/26 16:39:21 [notice] 1#1: signal 29 (SIGIO) received
2026/01/26 16:39:21 [notice] 1#1: signal 17 (SIGCHLD) received from 28
2026/01/26 16:39:21 [notice] 1#1: signal 17 (SIGCHLD) received from 30
2026/01/26 16:39:21 [notice] 1#1: worker process 30 exited with code 0
2026/01/26 16:39:21 [notice] 1#1: worker process 27 exited with code 0
2026/01/26 16:39:21 [notice] 1#1: worker process 32 exited with code 0
2026/01/26 16:39:21 [notice] 1#1: signal 29 (SIGIO) received
2026/01/26 16:39:21 [notice] 1#1: signal 17 (SIGCHLD) received from 27
2026/01/26 16:39:21 [notice] 1#1: signal 17 (SIGCHLD) received from 24
2026/01/26 16:39:21 [notice] 1#1: worker process 24 exited with code 0
2026/01/26 16:39:21 [notice] 1#1: exit
